# JRE version: Java(TM) SE Runtime Environment (8.0_111-b14) (build 1.8.0_111-b14)
# Java VM: Java HotSpot(TM) 64-Bit Server VM (25.111-b14 mixed mode windows-amd64 compressed oops)
Heap:
 PSYoungGen      total 37888K, used 29054K [0x00000000e0000000, 0x00000000e2a00000, 0x0000000100000000)
  eden space 32768K, 73% used [0x00000000e0000000,0x00000000e1761cc0,0x00000000e2000000)
  from space 5120K, 99% used [0x00000000e2500000,0x00000000e29fdbc8,0x00000000e2a00000)
  to   space 5120K, 0% used [0x00000000e2000000,0x00000000e2000000,0x00000000e2500000)
 ParOldGen       total 86016K, used 535K [0x00000000a0000000, 0x00000000a5400000, 0x00000000e0000000)
  object space 86016K, 0% used [0x00000000a0000000,0x00000000a0085da0,0x00000000a5400000)
 Metaspace       used 17221K, capacity 17506K, committed 17536K, reserved 1064960K
  class space    used 2321K, capacity 2423K, committed 2432K, reserved 1048576K
GC Heap History (4 events):
Event: 20.226 GC heap before
{Heap before GC invocations=1 (full 0):
 PSYoungGen      total 37888K, used 32768K [0x00000000e0000000, 0x00000000e2a00000, 0x0000000100000000)
  eden space 32768K, 100% used [0x00000000e0000000,0x00000000e2000000,0x00000000e2000000)
  from space 5120K, 0% used [0x00000000e2500000,0x00000000e2500000,0x00000000e2a00000)
  to   space 5120K, 0% used [0x00000000e2000000,0x00000000e2000000,0x00000000e2500000)
 ParOldGen       total 86016K, used 0K [0x00000000a0000000, 0x00000000a5400000, 0x00000000e0000000)
  object space 86016K, 0% used [0x00000000a0000000,0x00000000a0000000,0x00000000a5400000)
 Metaspace       used 5926K, capacity 6320K, committed 6528K, reserved 1056768K
  class space    used 767K, capacity 832K, committed 896K, reserved 1048576K
Event: 20.233 GC heap after
Heap after GC invocations=1 (full 0):
 PSYoungGen      total 37888K, used 4029K [0x00000000e0000000, 0x00000000e2a00000, 0x0000000100000000)
  eden space 32768K, 0% used [0x00000000e0000000,0x00000000e0000000,0x00000000e2000000)
  from space 5120K, 78% used [0x00000000e2000000,0x00000000e23ef4e0,0x00000000e2500000)
  to   space 5120K, 0% used [0x00000000e2500000,0x00000000e2500000,0x00000000e2a00000)
 ParOldGen       total 86016K, used 8K [0x00000000a0000000, 0x00000000a5400000, 0x00000000e0000000)
  object space 86016K, 0% used [0x00000000a0000000,0x00000000a0002000,0x00000000a5400000)
 Metaspace       used 5926K, capacity 6320K, committed 6528K, reserved 1056768K
  class space    used 767K, capacity 832K, committed 896K, reserved 1048576K
}
Event: 28.497 GC heap before
{Heap before GC invocations=2 (full 0):
 PSYoungGen      total 37888K, used 36797K [0x00000000e0000000, 0x00000000e2a00000, 0x0000000100000000)
  eden space 32768K, 100% used [0x00000000e0000000,0x00000000e2000000,0x00000000e2000000)
  from space 5120K, 78% used [0x00000000e2000000,0x00000000e23ef4e0,0x00000000e2500000)
  to   space 5120K, 0% used [0x00000000e2500000,0x00000000e2500000,0x00000000e2a00000)
 ParOldGen       total 86016K, used 8K [0x00000000a0000000, 0x00000000a5400000, 0x00000000e0000000)
  object space 86016K, 0% used [0x00000000a0000000,0x00000000a0002000,0x00000000a5400000)
 Metaspace       used 12271K, capacity 12642K, committed 12800K, reserved 1060864K
  class space    used 1678K, capacity 1783K, committed 1792K, reserved 1048576K
Event: 28.512 GC heap after
Heap after GC invocations=2 (full 0):
 PSYoungGen      total 37888K, used 5110K [0x00000000e0000000, 0x00000000e2a00000, 0x0000000100000000)
  eden space 32768K, 0% used [0x00000000e0000000,0x00000000e0000000,0x00000000e2000000)
  from space 5120K, 99% used [0x00000000e2500000,0x00000000e29fdbc8,0x00000000e2a00000)
  to   space 5120K, 0% used [0x00000000e2000000,0x00000000e2000000,0x00000000e2500000)
 ParOldGen       total 86016K, used 535K [0x00000000a0000000, 0x00000000a5400000, 0x00000000e0000000)
  object space 86016K, 0% used [0x00000000a0000000,0x00000000a0085da0,0x00000000a5400000)
 Metaspace       used 12271K, capacity 12642K, committed 12800K, reserved 1060864K
  class space    used 1678K, capacity 1783K, committed 1792K, reserved 1048576K
}

